<?xml version="1.0" encoding="UTF-8"?>
<!-- Generated by org.testng.reporters.JUnitXMLReporter -->
<testsuite ignored="0" hostname="DESKTOP-0K5SOCP" failures="0" tests="3" name="Default test" time="0.092" errors="0" timestamp="2021-12-07T13:46:00 IST">
  <testcase classname="test.Annotations" name="FlightBooking" time="0.009"/>
  <testcase classname="test.Annotations" name="FlightCancel" time="0.002"/>
  <testcase classname="test.Annotations" name="OpeningBrowser" time="0.002"/>
</testsuite> <!-- Default test -->
