<?xml version="1.0" encoding="UTF-8"?>
<testng-results ignored="0" total="3" passed="3" failed="0" skipped="0">
  <reporter-output>
  </reporter-output>
  <suite started-at="2021-12-07T13:46:00 IST" name="Default suite" finished-at="2021-12-07T13:46:00 IST" duration-ms="92">
    <groups>
    </groups>
    <test started-at="2021-12-07T13:46:00 IST" name="Default test" finished-at="2021-12-07T13:46:00 IST" duration-ms="92">
      <class name="test.Annotations">
        <test-method is-config="true" signature="Cookies()[pri:0, instance:test.Annotations@a3d8174]" started-at="2021-12-07T13:46:00 IST" name="Cookies" finished-at="2021-12-07T13:46:00 IST" duration-ms="12" status="PASS">
          <reporter-output>
          </reporter-output>
        </test-method> <!-- Cookies -->
        <test-method is-config="true" signature="UseridGeneration()[pri:0, instance:test.Annotations@a3d8174]" started-at="2021-12-07T13:46:00 IST" name="UseridGeneration" finished-at="2021-12-07T13:46:00 IST" duration-ms="1" status="PASS">
          <reporter-output>
          </reporter-output>
        </test-method> <!-- UseridGeneration -->
        <test-method signature="FlightBooking()[pri:0, instance:test.Annotations@a3d8174]" started-at="2021-12-07T13:46:00 IST" name="FlightBooking" finished-at="2021-12-07T13:46:00 IST" duration-ms="9" status="PASS">
          <reporter-output>
          </reporter-output>
        </test-method> <!-- FlightBooking -->
        <test-method is-config="true" signature="Reportadding()[pri:0, instance:test.Annotations@a3d8174]" started-at="2021-12-07T13:46:00 IST" name="Reportadding" finished-at="2021-12-07T13:46:00 IST" duration-ms="0" status="PASS">
          <reporter-output>
          </reporter-output>
        </test-method> <!-- Reportadding -->
        <test-method is-config="true" signature="UseridGeneration()[pri:0, instance:test.Annotations@a3d8174]" started-at="2021-12-07T13:46:00 IST" name="UseridGeneration" finished-at="2021-12-07T13:46:00 IST" duration-ms="1" status="PASS">
          <reporter-output>
          </reporter-output>
        </test-method> <!-- UseridGeneration -->
        <test-method signature="FlightCancel()[pri:0, instance:test.Annotations@a3d8174]" started-at="2021-12-07T13:46:00 IST" name="FlightCancel" finished-at="2021-12-07T13:46:00 IST" duration-ms="2" status="PASS">
          <reporter-output>
          </reporter-output>
        </test-method> <!-- FlightCancel -->
        <test-method is-config="true" signature="Reportadding()[pri:0, instance:test.Annotations@a3d8174]" started-at="2021-12-07T13:46:00 IST" name="Reportadding" finished-at="2021-12-07T13:46:00 IST" duration-ms="0" status="PASS">
          <reporter-output>
          </reporter-output>
        </test-method> <!-- Reportadding -->
        <test-method signature="OpeningBrowser()[pri:0, instance:test.Annotations@a3d8174]" started-at="2021-12-07T13:46:00 IST" name="OpeningBrowser" finished-at="2021-12-07T13:46:00 IST" duration-ms="2" status="PASS">
          <reporter-output>
          </reporter-output>
        </test-method> <!-- OpeningBrowser -->
        <test-method is-config="true" signature="UseridGeneration()[pri:0, instance:test.Annotations@a3d8174]" started-at="2021-12-07T13:46:00 IST" name="UseridGeneration" finished-at="2021-12-07T13:46:00 IST" duration-ms="0" status="PASS">
          <reporter-output>
          </reporter-output>
        </test-method> <!-- UseridGeneration -->
        <test-method is-config="true" signature="Reportadding()[pri:0, instance:test.Annotations@a3d8174]" started-at="2021-12-07T13:46:00 IST" name="Reportadding" finished-at="2021-12-07T13:46:00 IST" duration-ms="1" status="PASS">
          <reporter-output>
          </reporter-output>
        </test-method> <!-- Reportadding -->
        <test-method is-config="true" signature="Cookiesclose()[pri:0, instance:test.Annotations@a3d8174]" started-at="2021-12-07T13:46:00 IST" name="Cookiesclose" finished-at="2021-12-07T13:46:00 IST" duration-ms="1" status="PASS">
          <reporter-output>
          </reporter-output>
        </test-method> <!-- Cookiesclose -->
      </class> <!-- test.Annotations -->
    </test> <!-- Default test -->
  </suite> <!-- Default suite -->
</testng-results>
